Unity Editor version:    2022.3.36f1 (95a4219250e5)
Branch:                  2022.3/staging
Build type:              Release
Batch mode:              YES
System name:             Linux
Distro version:          #126~20.04.1-Ubuntu SMP Mon Jul 1 15:40:07 UTC 2024
Kernel version:          5.15.0-116-generic
Architecture:            x86_64
Available memory:        31878 MB
Using pre-set license
Pro License: YES
Desktop is 3840 x 1080 @ 60 Hz
Initialize udev device monitor.

COMMAND LINE ARGUMENTS:
Unity
-adb2
-batchMode
-noUpm
-name
AssetImportWorker5
-projectPath
/home/mgt/sungho3d/alone_unity/Quater_view
-logFile
Logs/AssetImportWorker5.log
-srvPort
37061
Successfully changed project path to: /home/mgt/sungho3d/alone_unity/Quater_view
/home/mgt/sungho3d/alone_unity/Quater_view
[UnityMemory] Configuration Parameters - Can be set up in boot.config
    "memorysetup-bucket-allocator-granularity=16"
    "memorysetup-bucket-allocator-bucket-count=8"
    "memorysetup-bucket-allocator-block-size=33554432"
    "memorysetup-bucket-allocator-block-count=8"
    "memorysetup-main-allocator-block-size=16777216"
    "memorysetup-thread-allocator-block-size=16777216"
    "memorysetup-gfx-main-allocator-block-size=16777216"
    "memorysetup-gfx-thread-allocator-block-size=16777216"
    "memorysetup-cache-allocator-block-size=4194304"
    "memorysetup-typetree-allocator-block-size=2097152"
    "memorysetup-profiler-bucket-allocator-granularity=16"
    "memorysetup-profiler-bucket-allocator-bucket-count=8"
    "memorysetup-profiler-bucket-allocator-block-size=33554432"
    "memorysetup-profiler-bucket-allocator-block-count=8"
    "memorysetup-profiler-allocator-block-size=16777216"
    "memorysetup-profiler-editor-allocator-block-size=1048576"
    "memorysetup-temp-allocator-size-main=16777216"
    "memorysetup-job-temp-allocator-block-size=2097152"
    "memorysetup-job-temp-allocator-block-size-background=1048576"
    "memorysetup-job-temp-allocator-reduction-small-platforms=262144"
    "memorysetup-allocator-temp-initial-block-size-main=262144"
    "memorysetup-allocator-temp-initial-block-size-worker=262144"
    "memorysetup-temp-allocator-size-background-worker=32768"
    "memorysetup-temp-allocator-size-job-worker=262144"
    "memorysetup-temp-allocator-size-preload-manager=33554432"
    "memorysetup-temp-allocator-size-nav-mesh-worker=65536"
    "memorysetup-temp-allocator-size-audio-worker=65536"
    "memorysetup-temp-allocator-size-cloud-worker=32768"
    "memorysetup-temp-allocator-size-gi-baking-worker=262144"
    "memorysetup-temp-allocator-size-gfx=262144"
Player connection [140582354854848] Host "[IP] 192.168.0.36 [Port] 0 [Flags] 2 [Guid] 2360249653 [EditorId] 2360249653 [Version] 1048832 [Id] LinuxEditor(16,192.168.0.36) [Debug] 1 [PackageName] LinuxEditor [ProjectName] Editor" joined multi-casting on [225.0.0.222:54997]...

Player connection [140582354854848] Host "[IP] 192.168.0.36 [Port] 0 [Flags] 2 [Guid] 2360249653 [EditorId] 2360249653 [Version] 1048832 [Id] LinuxEditor(16,192.168.0.36) [Debug] 1 [PackageName] LinuxEditor [ProjectName] Editor" joined alternative multi-casting on [225.0.0.222:34997]...

[PhysX] Initialized MultithreadedTaskDispatcher with 16 workers.
Unable to load player prefs
Refreshing native plugins compatible for Editor in 1.43 ms, found 0 plugins.
Preloading 0 native plugins for Editor in 0.00 ms.
Initialize engine version: 2022.3.36f1 (95a4219250e5)
[Subsystems] Discovering subsystems at path /home/mgt/Unity/Hub/Editor/2022.3.36f1/Editor/Data/Resources/UnitySubsystems
[Subsystems] Discovering subsystems at path /home/mgt/sungho3d/alone_unity/Quater_view/Assets
GLX Extensions: GLX_ARB_get_proc_address GLX_ARB_multisample GLX_EXT_visual_info GLX_EXT_visual_rating GLX_EXT_import_context GLX_SGI_video_sync GLX_SGIX_fbconfig GLX_SGIX_pbuffer GLX_SGI_swap_control GLX_EXT_swap_control GLX_EXT_swap_control_tear GLX_EXT_buffer_age GLX_ARB_create_context GLX_ARB_create_context_profile GLX_NV_float_buffer GLX_ARB_fbconfig_float GLX_EXT_texture_from_pixmap GLX_EXT_framebuffer_sRGB GLX_NV_copy_image GLX_EXT_create_context_es_profile GLX_EXT_create_context_es2_profile GLX_ARB_create_context_no_error GLX_ARB_create_context_robustness GLX_NV_delay_before_swap GLX_EXT_stereo_tree GLX_ARB_context_flush_control GLX_NV_robustness_video_memory_purge GLX_NV_multigpu_context 
Renderer: NVIDIA GeForce RTX 3090/PCIe/SSE2
Vendor:   NVIDIA Corporation
Version:  4.5.0 NVIDIA 550.90.07
GLES:     0
 GL_AMD_multi_draw_indirect GL_AMD_seamless_cubemap_per_texture GL_AMD_vertex_shader_viewport_index GL_AMD_vertex_shader_layer GL_ARB_arrays_of_arrays GL_ARB_base_instance GL_ARB_bindless_texture GL_ARB_blend_func_extended GL_ARB_buffer_storage GL_ARB_clear_buffer_object GL_ARB_clear_texture GL_ARB_clip_control GL_ARB_color_buffer_float GL_ARB_compressed_texture_pixel_storage GL_ARB_conservative_depth GL_ARB_compute_shader GL_ARB_compute_variable_group_size GL_ARB_conditional_render_inverted GL_ARB_copy_buffer GL_ARB_copy_image GL_ARB_cull_distance GL_ARB_debug_output GL_ARB_depth_buffer_float GL_ARB_depth_clamp GL_ARB_depth_texture GL_ARB_derivative_control GL_ARB_direct_state_access GL_ARB_draw_buffers GL_ARB_draw_buffers_blend GL_ARB_draw_indirect GL_ARB_draw_elements_base_vertex GL_ARB_draw_instanced GL_ARB_enhanced_layouts GL_ARB_ES2_compatibility GL_ARB_ES3_compatibility GL_ARB_ES3_1_compatibility GL_ARB_ES3_2_compatibility GL_ARB_explicit_attrib_location GL_ARB_explicit_uniform_location GL_ARB_fragmen
t_coord_conventions GL_ARB_fragment_layer_viewport GL_ARB_fragment_program GL_ARB_fragment_program_shadow GL_ARB_fragment_shader GL_ARB_fragment_shader_interlock GL_ARB_framebuffer_no_attachments GL_ARB_framebuffer_object GL_ARB_framebuffer_sRGB GL_ARB_geometry_shader4 GL_ARB_get_program_binary GL_ARB_get_texture_sub_image GL_ARB_gl_spirv GL_ARB_gpu_shader5 GL_ARB_gpu_shader_fp64 GL_ARB_gpu_shader_int64 GL_ARB_half_float_pixel GL_ARB_half_float_vertex GL_ARB_imaging GL_ARB_indirect_parameters GL_ARB_instanced_arrays GL_ARB_internalformat_query GL_ARB_internalformat_query2 GL_ARB_invalidate_subdata GL_ARB_map_buffer_alignment GL_ARB_map_buffer_range GL_ARB_multi_bind GL_ARB_multi_draw_indirect GL_ARB_multisample GL_ARB_multitexture GL_ARB_occlusion_query GL_ARB_occlusion_query2 GL_ARB_parallel_shader_compile GL_ARB_pipeline_statistics_query GL_ARB_pixel_buffer_object GL_ARB_point_parameters GL_ARB_point_sprite GL_ARB_polygon_offset_clamp GL_ARB_post_depth_coverage GL_ARB_program_interface_query GL_ARB_provoki
ng_vertex GL_ARB_query_buffer_object GL_ARB_robust_buffer_access_behavior GL_ARB_robustness GL_ARB_sample_locations GL_ARB_sample_shading GL_ARB_sampler_objects GL_ARB_seamless_cube_map GL_ARB_seamless_cubemap_per_texture GL_ARB_separate_shader_objects GL_ARB_shader_atomic_counter_ops GL_ARB_shader_atomic_counters GL_ARB_shader_ballot GL_ARB_shader_bit_encoding GL_ARB_shader_clock GL_ARB_shader_draw_parameters GL_ARB_shader_group_vote GL_ARB_shader_image_load_store GL_ARB_shader_image_size GL_ARB_shader_objects GL_ARB_shader_precision GL_ARB_shader_storage_buffer_object GL_ARB_shader_subroutine GL_ARB_shader_texture_image_samples GL_ARB_shader_texture_lod GL_ARB_shading_language_100 GL_ARB_shader_viewport_layer_array GL_ARB_shading_language_420pack GL_ARB_shading_language_include GL_ARB_shading_language_packing GL_ARB_shadow GL_ARB_sparse_buffer GL_ARB_sparse_texture GL_ARB_sparse_texture2 GL_ARB_sparse_texture_clamp GL_ARB_spirv_extensions GL_ARB_stencil_texturing GL_ARB_sync GL_ARB_tessellation_shader GL_A
RB_texture_barrier GL_ARB_texture_border_clamp GL_ARB_texture_buffer_object GL_ARB_texture_buffer_object_rgb32 GL_ARB_texture_buffer_range GL_ARB_texture_compression GL_ARB_texture_compression_bptc GL_ARB_texture_compression_rgtc GL_ARB_texture_cube_map GL_ARB_texture_cube_map_array GL_ARB_texture_env_add GL_ARB_texture_env_combine GL_ARB_texture_env_crossbar GL_ARB_texture_env_dot3 GL_ARB_texture_filter_anisotropic GL_ARB_texture_filter_minmax GL_ARB_texture_float GL_ARB_texture_gather GL_ARB_texture_mirror_clamp_to_edge GL_ARB_texture_mirrored_repeat GL_ARB_texture_multisample GL_ARB_texture_non_power_of_two GL_ARB_texture_query_levels GL_ARB_texture_query_lod GL_ARB_texture_rectangle GL_ARB_texture_rg GL_ARB_texture_rgb10_a2ui GL_ARB_texture_stencil8 GL_ARB_texture_storage GL_ARB_texture_storage_multisample GL_ARB_texture_swizzle GL_ARB_texture_view GL_ARB_timer_query GL_ARB_transform_feedback2 GL_ARB_transform_feedback3 GL_ARB_transform_feedback_instanced GL_ARB_transform_feedback_overflow_query GL_ARB_t
ranspose_matrix GL_ARB_uniform_buffer_object GL_ARB_vertex_array_bgra GL_ARB_vertex_array_object GL_ARB_vertex_attrib_64bit GL_ARB_vertex_attrib_binding GL_ARB_vertex_buffer_object GL_ARB_vertex_program GL_ARB_vertex_shader GL_ARB_vertex_type_10f_11f_11f_rev GL_ARB_vertex_type_2_10_10_10_rev GL_ARB_viewport_array GL_ARB_window_pos GL_ATI_draw_buffers GL_ATI_texture_float GL_ATI_texture_mirror_once GL_S3_s3tc GL_EXT_texture_env_add GL_EXT_abgr GL_EXT_bgra GL_EXT_bindable_uniform GL_EXT_blend_color GL_EXT_blend_equation_separate GL_EXT_blend_func_separate GL_EXT_blend_minmax GL_EXT_blend_subtract GL_EXT_compiled_vertex_array GL_EXT_Cg_shader GL_EXT_depth_bounds_test GL_EXT_direct_state_access GL_EXT_draw_buffers2 GL_EXT_draw_instanced GL_EXT_draw_range_elements GL_EXT_fog_coord GL_EXT_framebuffer_blit GL_EXT_framebuffer_multisample GL_EXTX_framebuffer_mixed_formats GL_EXT_framebuffer_multisample_blit_scaled GL_EXT_framebuffer_object GL_EXT_framebuffer_sRGB GL_EXT_geometry_shader4 GL_EXT_gpu_program_parameters 
GL_EXT_gpu_shader4 GL_EXT_multi_draw_arrays GL_EXT_multiview_texture_multisample GL_EXT_multiview_timer_query GL_EXT_packed_depth_stencil GL_EXT_packed_float GL_EXT_packed_pixels GL_EXT_pixel_buffer_object GL_EXT_point_parameters GL_EXT_polygon_offset_clamp GL_EXT_post_depth_coverage GL_EXT_provoking_vertex GL_EXT_raster_multisample GL_EXT_rescale_normal GL_EXT_secondary_color GL_EXT_separate_shader_objects GL_EXT_separate_specular_color GL_EXT_shader_image_load_formatted GL_EXT_shader_image_load_store GL_EXT_shader_integer_mix GL_EXT_shadow_funcs GL_EXT_sparse_texture2 GL_EXT_stencil_two_side GL_EXT_stencil_wrap GL_EXT_texture3D GL_EXT_texture_array GL_EXT_texture_buffer_object GL_EXT_texture_compression_dxt1 GL_EXT_texture_compression_latc GL_EXT_texture_compression_rgtc GL_EXT_texture_compression_s3tc GL_EXT_texture_cube_map GL_EXT_texture_edge_clamp GL_EXT_texture_env_combine GL_EXT_texture_env_dot3 GL_EXT_texture_filter_anisotropic GL_EXT_texture_filter_minmax GL_EXT_texture_integer GL_EXT_texture_lod G
L_EXT_texture_lod_bias GL_EXT_texture_mirror_clamp GL_EXT_texture_object GL_EXT_texture_shadow_lod GL_EXT_texture_shared_exponent GL_EXT_texture_sRGB GL_EXT_texture_sRGB_R8 GL_EXT_texture_sRGB_decode GL_EXT_texture_storage GL_EXT_texture_swizzle GL_EXT_timer_query GL_EXT_transform_feedback2 GL_EXT_vertex_array GL_EXT_vertex_array_bgra GL_EXT_vertex_attrib_64bit GL_EXT_window_rectangles GL_EXT_x11_sync_object GL_EXT_import_sync_object GL_NV_robustness_video_memory_purge GL_IBM_rasterpos_clip GL_IBM_texture_mirrored_repeat GL_KHR_context_flush_control GL_KHR_debug GL_EXT_memory_object GL_EXT_memory_object_fd GL_NV_memory_object_sparse GL_KHR_parallel_shader_compile GL_KHR_no_error GL_KHR_robust_buffer_access_behavior GL_KHR_robustness GL_EXT_semaphore GL_EXT_semaphore_fd GL_NV_timeline_semaphore GL_KHR_shader_subgroup GL_KTX_buffer_region GL_NV_alpha_to_coverage_dither_control GL_NV_bindless_multi_draw_indirect GL_NV_bindless_multi_draw_indirect_count GL_NV_bindless_texture GL_NV_blend_equation_advanced GL_NV_
blend_equation_advanced_coherent GL_NVX_blend_equation_advanced_multi_draw_buffers GL_NV_blend_minmax_factor GL_NV_blend_square GL_NV_clip_space_w_scaling GL_NV_command_list GL_NV_compute_program5 GL_NV_compute_shader_derivatives GL_NV_conditional_render GL_NV_conservative_raster GL_NV_conservative_raster_dilate GL_NV_conservative_raster_pre_snap GL_NV_conservative_raster_pre_snap_triangles GL_NV_conservative_raster_underestimation GL_NV_copy_depth_to_color GL_NV_copy_image GL_NV_depth_buffer_float GL_NV_depth_clamp GL_NV_draw_texture GL_NV_draw_vulkan_image GL_NV_ES1_1_compatibility GL_NV_ES3_1_compatibility GL_NV_explicit_multisample GL_NV_feature_query GL_NV_fence GL_NV_fill_rectangle GL_NV_float_buffer GL_NV_fog_distance GL_NV_fragment_coverage_to_color GL_NV_fragment_program GL_NV_fragment_program_option GL_NV_fragment_program2 GL_NV_fragment_shader_barycentric GL_NV_fragment_shader_interlock GL_NV_framebuffer_mixed_samples GL_NV_framebuffer_multisample_coverage GL_NV_geometry_shader4 GL_NV_geometry_sha
der_passthrough GL_NV_gpu_program4 GL_NV_internalformat_sample_query GL_NV_gpu_program4_1 GL_NV_gpu_program5 GL_NV_gpu_program5_mem_extended GL_NV_gpu_program_fp64 GL_NV_gpu_shader5 GL_NV_half_float GL_NV_light_max_exponent GL_NV_memory_attachment GL_NV_mesh_shader GL_NV_multisample_coverage GL_NV_multisample_filter_hint GL_NV_occlusion_query GL_NV_packed_depth_stencil GL_NV_parameter_buffer_object GL_NV_parameter_buffer_object2 GL_NV_path_rendering GL_NV_path_rendering_shared_edge GL_NV_pixel_data_range GL_NV_point_sprite GL_NV_primitive_restart GL_NV_primitive_shading_rate GL_NV_query_resource GL_NV_query_resource_tag GL_NV_register_combiners GL_NV_register_combiners2 GL_NV_representative_fragment_test GL_NV_sample_locations GL_NV_sample_mask_override_coverage GL_NV_scissor_exclusive GL_NV_shader_atomic_counters GL_NV_shader_atomic_float GL_NV_shader_atomic_float64 GL_NV_shader_atomic_fp16_vector GL_NV_shader_atomic_int64 GL_NV_shader_buffer_load GL_NV_shader_storage_buffer_object GL_NV_shader_subgroup_par
titioned GL_NV_shader_texture_footprint GL_NV_shading_rate_image GL_NV_stereo_view_rendering GL_NV_texgen_reflection GL_NV_texture_barrier GL_NV_texture_compression_vtc GL_NV_texture_dirty_tile_map GL_NV_texture_env_combine4 GL_NV_texture_multisample GL_NV_texture_rectangle GL_NV_texture_rectangle_compressed GL_NV_texture_shader GL_NV_texture_shader2 GL_NV_texture_shader3 GL_NV_transform_feedback GL_NV_transform_feedback2 GL_NV_uniform_buffer_unified_memory GL_NV_uniform_buffer_std430_layout GL_NV_vdpau_interop GL_NV_vdpau_interop2 GL_NV_vertex_array_range GL_NV_vertex_array_range2 GL_NV_vertex_attrib_integer_64bit GL_NV_vertex_buffer_unified_memory GL_NV_vertex_program GL_NV_vertex_program1_1 GL_NV_vertex_program2 GL_NV_vertex_program2_option GL_NV_vertex_program3 GL_NV_viewport_array2 GL_NV_viewport_swizzle GL_NVX_conditional_render GL_NV_gpu_multicast GL_NVX_progress_fence GL_NVX_gpu_memory_info GL_NVX_nvenc_interop GL_NV_shader_thread_group GL_NV_shader_thread_shuffle GL_KHR_blend_equation_advanced GL_KH
R_blend_equation_advanced_coherent GL_OVR_multiview GL_OVR_multiview2 GL_SGIS_generate_mipmap GL_SGIS_texture_lod GL_SGIX_depth_texture GL_SGIX_shadow GL_SUN_slice_accum
OPENGL LOG: Creating OpenGL 4.5 graphics device ; Context level  <OpenGL 4.5> ; Context handle -43138600
Initialize mono
Mono path[0] = '/home/mgt/Unity/Hub/Editor/2022.3.36f1/Editor/Data/Managed'
Mono path[1] = '/home/mgt/Unity/Hub/Editor/2022.3.36f1/Editor/Data/MonoBleedingEdge/lib/mono/unityjit-linux'
Mono config path = '/home/mgt/Unity/Hub/Editor/2022.3.36f1/Editor/Data/MonoBleedingEdge/etc'
Using monoOptions --debugger-agent=transport=dt_socket,embedding=1,server=y,suspend=n,address=127.0.0.1:56143
Begin MonoManager ReloadAssembly
Registering precompiled unity dll's ...
Register platform support module: /home/mgt/Unity/Hub/Editor/2022.3.36f1/Editor/Data/PlaybackEngines/WebGLSupport/UnityEditor.WebGL.Extensions.dll
Register platform support module: /home/mgt/Unity/Hub/Editor/2022.3.36f1/Editor/Data/PlaybackEngines/AndroidPlayer/UnityEditor.Android.Extensions.dll
Register platform support module: /home/mgt/Unity/Hub/Editor/2022.3.36f1/Editor/Data/PlaybackEngines/iOSSupport/UnityEditor.iOS.Extensions.dll
Register platform support module: /home/mgt/Unity/Hub/Editor/2022.3.36f1/Editor/Data/PlaybackEngines/LinuxStandaloneSupport/UnityEditor.LinuxStandalone.Extensions.dll
Registered in 0.005879 seconds.
- Loaded All Assemblies, in  0.248 seconds
Native extension for LinuxStandalone target not found
[usbmuxd] Start listen thread
[usbmuxd] Listen thread started
Native extension for iOS target not found
Native extension for Android target not found
Android Extension - Scanning For ADB Devices 188 ms
Native extension for WebGL target not found
Mono: successfully reloaded assembly
- Finished resetting the current domain, in  0.500 seconds
Domain Reload Profiling: 748ms
	BeginReloadAssembly (51ms)
		ExecutionOrderSort (0ms)
		DisableScriptedObjects (0ms)
		BackupInstance (0ms)
		ReleaseScriptingObjects (0ms)
		CreateAndSetChildDomain (0ms)
	RebuildCommonClasses (27ms)
	RebuildNativeTypeToScriptingClass (6ms)
	initialDomainReloadingComplete (47ms)
	LoadAllAssembliesAndSetupDomain (116ms)
		LoadAssemblies (51ms)
		RebuildTransferFunctionScriptingTraits (0ms)
		AnalyzeDomain (115ms)
			TypeCache.Refresh (114ms)
				TypeCache.ScanAssembly (103ms)
			ScanForSourceGeneratedMonoScriptInfo (0ms)
			ResolveRequiredComponents (0ms)
	FinalizeReload (500ms)
		ReleaseScriptCaches (0ms)
		RebuildScriptCaches (0ms)
		SetupLoadedEditorAssemblies (450ms)
			LogAssemblyErrors (0ms)
			InitializePlatformSupportModulesInManaged (285ms)
			SetLoadedEditorAssemblies (3ms)
			RefreshPlugins (0ms)
			BeforeProcessingInitializeOnLoad (2ms)
			ProcessInitializeOnLoadAttributes (109ms)
			ProcessInitializeOnLoadMethodAttributes (51ms)
			AfterProcessingInitializeOnLoad (0ms)
			EditorAssembliesLoaded (0ms)
		ExecutionOrderSort2 (0ms)
		AwakeInstancesAfterBackupRestoration (0ms)
========================================================================
Worker process is ready to serve import requests
Begin MonoManager ReloadAssembly
- Loaded All Assemblies, in  0.412 seconds
Refreshing native plugins compatible for Editor in 0.69 ms, found 0 plugins.
Native extension for LinuxStandalone target not found
Native extension for iOS target not found
Native extension for Android target not found
Native extension for WebGL target not found
Package Manager log level set to [2]
[Package Manager] Server::EnsureServerProcessIsRunning -- launch failed, reason: Unity was launched with the -noUpm command-line argument
[Package Manager] UpmClient::Send -- Unable to send message (not connected to UPM process).
[Package Manager] Cannot connect to Unity Package Manager local server
Mono: successfully reloaded assembly
- Finished resetting the current domain, in  0.442 seconds
Domain Reload Profiling: 854ms
	BeginReloadAssembly (88ms)
		ExecutionOrderSort (0ms)
		DisableScriptedObjects (5ms)
		BackupInstance (0ms)
		ReleaseScriptingObjects (0ms)
		CreateAndSetChildDomain (18ms)
	RebuildCommonClasses (26ms)
	RebuildNativeTypeToScriptingClass (6ms)
	initialDomainReloadingComplete (34ms)
	LoadAllAssembliesAndSetupDomain (257ms)
		LoadAssemblies (155ms)
		RebuildTransferFunctionScriptingTraits (0ms)
		AnalyzeDomain (142ms)
			TypeCache.Refresh (126ms)
				TypeCache.ScanAssembly (113ms)
			ScanForSourceGeneratedMonoScriptInfo (12ms)
			ResolveRequiredComponents (4ms)
	FinalizeReload (442ms)
		ReleaseScriptCaches (0ms)
		RebuildScriptCaches (0ms)
		SetupLoadedEditorAssemblies (314ms)
			LogAssemblyErrors (0ms)
			InitializePlatformSupportModulesInManaged (24ms)
			SetLoadedEditorAssemblies (3ms)
			RefreshPlugins (0ms)
			BeforeProcessingInitializeOnLoad (39ms)
			ProcessInitializeOnLoadAttributes (229ms)
			ProcessInitializeOnLoadMethodAttributes (16ms)
			AfterProcessingInitializeOnLoad (3ms)
			EditorAssembliesLoaded (0ms)
		ExecutionOrderSort2 (0ms)
		AwakeInstancesAfterBackupRestoration (3ms)
Launched and connected shader compiler UnityShaderCompiler after 0.01 seconds
Refreshing native plugins compatible for Editor in 0.65 ms, found 0 plugins.
Preloading 0 native plugins for Editor in 0.00 ms.
Unloading 3135 Unused Serialized files (Serialized files now loaded: 0)
Unloading 36 unused Assets / (48.3 KB). Loaded Objects now: 3598.
Memory consumption went from 119.1 MB to 119.1 MB.
Total: 3.304817 ms (FindLiveObjects: 0.201116 ms CreateObjectMapping: 0.156656 ms MarkObjects: 2.795188 ms  DeleteObjects: 0.151032 ms)

AssetImportParameters requested are different than current active one (requested -> active):
  custom:container-demuxer-ogg: 62fdf1f143b41e24485cea50d1cbac27 -> 
  custom:video-decoder-ogg-theora: a1e56fd34408186e4bbccfd4996cb3dc -> 
  custom:scripting/monoscript/fileName/NewBehaviourScript.cs: b21687ddb03d73bd9f0c1daecb9714de -> 
  custom:CustomObjectIndexerAttribute: 232f87dd983dbecb2a4e21e08eb2cef8 -> 
  custom:container-demuxer-webm: 4f35f7cbe854078d1ac9338744f61a02 -> 
  custom:container-muxer-webm: aa71ff27fc2769a1b78a27578f13a17b -> 
  custom:video-decoder-webm-vp8: 9c59270c3fd7afecdb556c50c9e8de78 -> 
  custom:SearchIndexIgnoredProperties: e643bd26f0fe6173181afceb89e7c659 -> 
  custom:AudioImporter_EditorPlatform: 2f0ff77a95e0ac474e3e8eeba4e2f7cb -> 
  custom:video-encoder-webm-vp8: eb34c28f22e8b96e1ab97ce403110664 -> 
  custom:audio-decoder-ogg-vorbis: bf7c407c2cedff20999df2af8eb42d56 -> 
  custom:audio-encoder-webm-vorbis: bf7c407c2cedff20999df2af8eb42d56 -> 
========================================================================
Received Import Request.
  Time since last request: 17782.161170 seconds.
  path: Assets/Materails/floor.mat
  artifactKey: Guid(0de2a8e080efbf0fb96bf9c69be23cc4) Importer(2089858483,0ecaa5967403d082aa24f35e1b516d23)
Start importing Assets/Materails/floor.mat using Guid(0de2a8e080efbf0fb96bf9c69be23cc4) Importer(2089858483,0ecaa5967403d082aa24f35e1b516d23) [PhysX] Initialized MultithreadedTaskDispatcher with 16 workers.
 -> (artifact id: '56f1669a31dbbdc14195ba85733bb11e') in 0.084924 seconds
Number of updated asset objects reloaded before import = 0
Number of asset objects unloaded after import = 1
========================================================================
Received Import Request.
  Time since last request: 0.000013 seconds.
  path: Assets/QuarterView 3D Action BE5/Sprites/Icon Ammo Mini.png
  artifactKey: Guid(142faba4ceb5fdf4aae7177252aecf72) Importer(2089858483,0ecaa5967403d082aa24f35e1b516d23)
Start importing Assets/QuarterView 3D Action BE5/Sprites/Icon Ammo Mini.png using Guid(142faba4ceb5fdf4aae7177252aecf72) Importer(2089858483,0ecaa5967403d082aa24f35e1b516d23) [PhysX] Initialized MultithreadedTaskDispatcher with 16 workers.
 -> (artifact id: 'ef64060fd73fe8b059e7b3116c6ed653') in 0.044488 seconds
Number of updated asset objects reloaded before import = 0
Number of asset objects unloaded after import = 3
========================================================================
Received Import Request.
  Time since last request: 0.000014 seconds.
  path: Assets/QuarterView 3D Action BE5/Sprites/Guage Front.png
  artifactKey: Guid(ab3b7539ba408154db6715ef45708b56) Importer(2089858483,0ecaa5967403d082aa24f35e1b516d23)
Start importing Assets/QuarterView 3D Action BE5/Sprites/Guage Front.png using Guid(ab3b7539ba408154db6715ef45708b56) Importer(2089858483,0ecaa5967403d082aa24f35e1b516d23) [PhysX] Initialized MultithreadedTaskDispatcher with 16 workers.
 -> (artifact id: '954942e4b859c349d71a865fd868ada5') in 0.008208 seconds
Number of updated asset objects reloaded before import = 0
Number of asset objects unloaded after import = 3
========================================================================
Received Import Request.
  Time since last request: 0.000019 seconds.
  path: Assets/QuarterView 3D Action BE5/Materials/Luna.mat
  artifactKey: Guid(6788d5ee533dd6143be559fa3fffaa59) Importer(2089858483,0ecaa5967403d082aa24f35e1b516d23)
Start importing Assets/QuarterView 3D Action BE5/Materials/Luna.mat using Guid(6788d5ee533dd6143be559fa3fffaa59) Importer(2089858483,0ecaa5967403d082aa24f35e1b516d23) [PhysX] Initialized MultithreadedTaskDispatcher with 16 workers.
 -> (artifact id: '680a71cc7a50ad332678e39e1a2e35a5') in 0.002370 seconds
Number of updated asset objects reloaded before import = 0
Number of asset objects unloaded after import = 2
========================================================================
Received Import Request.
  Time since last request: 0.000014 seconds.
  path: Assets/QuarterView 3D Action BE5/Sprites/Icon Heart.png
  artifactKey: Guid(3cadcd247345c2649b0e8fbd9ee6e8db) Importer(2089858483,0ecaa5967403d082aa24f35e1b516d23)
Start importing Assets/QuarterView 3D Action BE5/Sprites/Icon Heart.png using Guid(3cadcd247345c2649b0e8fbd9ee6e8db) Importer(2089858483,0ecaa5967403d082aa24f35e1b516d23) [PhysX] Initialized MultithreadedTaskDispatcher with 16 workers.
 -> (artifact id: 'da5af4dd1eb1402a0ce5d5bf33a89207') in 0.008102 seconds
Number of updated asset objects reloaded before import = 0
Number of asset objects unloaded after import = 3
========================================================================
Received Import Request.
  Time since last request: 0.000012 seconds.
  path: Assets/QuarterView 3D Action BE5/Models/Simple Player.fbx
  artifactKey: Guid(cae3f9537776dea41855a724b56dd2c9) Importer(2089858483,0ecaa5967403d082aa24f35e1b516d23)
Start importing Assets/QuarterView 3D Action BE5/Models/Simple Player.fbx using Guid(cae3f9537776dea41855a724b56dd2c9) Importer(2089858483,0ecaa5967403d082aa24f35e1b516d23) [PhysX] Initialized MultithreadedTaskDispatcher with 16 workers.
 -> (artifact id: '8170936d0f68b083260d93a8bdf429d4') in 0.059066 seconds
Number of updated asset objects reloaded before import = 0
Number of asset objects unloaded after import = 79
========================================================================
Received Import Request.
  Time since last request: 0.000014 seconds.
  path: Assets/QuarterView 3D Action BE5/Materials/Enemy C.mat
  artifactKey: Guid(1dcf18599fec3384ab8214aa036c77d6) Importer(2089858483,0ecaa5967403d082aa24f35e1b516d23)
Start importing Assets/QuarterView 3D Action BE5/Materials/Enemy C.mat using Guid(1dcf18599fec3384ab8214aa036c77d6) Importer(2089858483,0ecaa5967403d082aa24f35e1b516d23) [PhysX] Initialized MultithreadedTaskDispatcher with 16 workers.
 -> (artifact id: 'c5eeede211c74034026dac2c9a2fee46') in 0.002786 seconds
Number of updated asset objects reloaded before import = 0
Number of asset objects unloaded after import = 2
========================================================================
Received Import Request.
  Time since last request: 0.000065 seconds.
  path: Assets/QuarterView 3D Action BE5/Sprites/Icon Enemy C.png
  artifactKey: Guid(db84109231a678440817c74d1158239b) Importer(2089858483,0ecaa5967403d082aa24f35e1b516d23)
Start importing Assets/QuarterView 3D Action BE5/Sprites/Icon Enemy C.png using Guid(db84109231a678440817c74d1158239b) Importer(2089858483,0ecaa5967403d082aa24f35e1b516d23) [PhysX] Initialized MultithreadedTaskDispatcher with 16 workers.
 -> (artifact id: 'ec029b0f11215daa82e04debe9c233ef') in 0.008754 seconds
Number of updated asset objects reloaded before import = 0
Number of asset objects unloaded after import = 3
========================================================================
Received Import Request.
  Time since last request: 0.000049 seconds.
  path: Assets/QuarterView 3D Action BE5/Materials/Enemy B.mat
  artifactKey: Guid(5084a2898f8f55840931eb7419d779e2) Importer(2089858483,0ecaa5967403d082aa24f35e1b516d23)
Start importing Assets/QuarterView 3D Action BE5/Materials/Enemy B.mat using Guid(5084a2898f8f55840931eb7419d779e2) Importer(2089858483,0ecaa5967403d082aa24f35e1b516d23) [PhysX] Initialized MultithreadedTaskDispatcher with 16 workers.
 -> (artifact id: 'f7f6d66e7546c440c8790822ece13f85') in 0.002198 seconds
Number of updated asset objects reloaded before import = 0
Number of asset objects unloaded after import = 2
========================================================================
Received Import Request.
  Time since last request: 0.000077 seconds.
  path: Assets/QuarterView 3D Action BE5/Sprites/Icon Ludo.png
  artifactKey: Guid(be7633cc187ae604cb9808ff3c897195) Importer(2089858483,0ecaa5967403d082aa24f35e1b516d23)
Start importing Assets/QuarterView 3D Action BE5/Sprites/Icon Ludo.png using Guid(be7633cc187ae604cb9808ff3c897195) Importer(2089858483,0ecaa5967403d082aa24f35e1b516d23) [PhysX] Initialized MultithreadedTaskDispatcher with 16 workers.
 -> (artifact id: '3321d6a93244776ca9cec748313616ce') in 0.008398 seconds
Number of updated asset objects reloaded before import = 0
Number of asset objects unloaded after import = 3
========================================================================
Received Import Request.
  Time since last request: 0.000031 seconds.
  path: Assets/QuarterView 3D Action BE5/Materials/Boss Rock.mat
  artifactKey: Guid(d4c08a0d5d7031e4faacea739fe5831e) Importer(2089858483,0ecaa5967403d082aa24f35e1b516d23)
Start importing Assets/QuarterView 3D Action BE5/Materials/Boss Rock.mat using Guid(d4c08a0d5d7031e4faacea739fe5831e) Importer(2089858483,0ecaa5967403d082aa24f35e1b516d23) [PhysX] Initialized MultithreadedTaskDispatcher with 16 workers.
 -> (artifact id: 'c12da236c0d0b705b0ef45d1d7467861') in 0.002286 seconds
Number of updated asset objects reloaded before import = 0
Number of asset objects unloaded after import = 2
========================================================================
Received Import Request.
  Time since last request: 0.000103 seconds.
  path: Assets/QuarterView 3D Action BE5/Sprites/Icon Stage Mini.png
  artifactKey: Guid(98f841c6ac46d174ca4f358018ab8de0) Importer(2089858483,0ecaa5967403d082aa24f35e1b516d23)
Start importing Assets/QuarterView 3D Action BE5/Sprites/Icon Stage Mini.png using Guid(98f841c6ac46d174ca4f358018ab8de0) Importer(2089858483,0ecaa5967403d082aa24f35e1b516d23) [PhysX] Initialized MultithreadedTaskDispatcher with 16 workers.
 -> (artifact id: '5929af5c79b2a5bcdcb61dc778eaf661') in 0.010561 seconds
Number of updated asset objects reloaded before import = 0
Number of asset objects unloaded after import = 3
========================================================================
Received Import Request.
  Time since last request: 0.000063 seconds.
  path: Assets/QuarterView 3D Action BE5/Materials/Missile Boss.mat
  artifactKey: Guid(e8f399f59a734944fb4149b649b98a6a) Importer(2089858483,0ecaa5967403d082aa24f35e1b516d23)
Start importing Assets/QuarterView 3D Action BE5/Materials/Missile Boss.mat using Guid(e8f399f59a734944fb4149b649b98a6a) Importer(2089858483,0ecaa5967403d082aa24f35e1b516d23) [PhysX] Initialized MultithreadedTaskDispatcher with 16 workers.
 -> (artifact id: '5743b23a54da60a1d5887ad3d8770030') in 0.003056 seconds
Number of updated asset objects reloaded before import = 0
Number of asset objects unloaded after import = 2
========================================================================
Received Import Request.
  Time since last request: 0.000048 seconds.
  path: Assets/QuarterView 3D Action BE5/Prefabs/Bullet Case.prefab
  artifactKey: Guid(dbf1e72266b94cc4c913b3b6216363d0) Importer(2089858483,0ecaa5967403d082aa24f35e1b516d23)
Start importing Assets/QuarterView 3D Action BE5/Prefabs/Bullet Case.prefab using Guid(dbf1e72266b94cc4c913b3b6216363d0) Importer(2089858483,0ecaa5967403d082aa24f35e1b516d23) [PhysX] Initialized MultithreadedTaskDispatcher with 16 workers.
 -> (artifact id: 'b9d5b9fa4e85e498908b95e568179d98') in 0.002046 seconds
Number of updated asset objects reloaded before import = 0
Number of asset objects unloaded after import = 9
========================================================================
Received Import Request.
  Time since last request: 0.000073 seconds.
  path: Assets/QuarterView 3D Action BE5/Sprites/Icon Weapon SubMachineGun.png
  artifactKey: Guid(744566287c3cef64f9b897280e5d9b1a) Importer(2089858483,0ecaa5967403d082aa24f35e1b516d23)
Start importing Assets/QuarterView 3D Action BE5/Sprites/Icon Weapon SubMachineGun.png using Guid(744566287c3cef64f9b897280e5d9b1a) Importer(2089858483,0ecaa5967403d082aa24f35e1b516d23) [PhysX] Initialized MultithreadedTaskDispatcher with 16 workers.
 -> (artifact id: 'fb5ee9cb556c70ccb3227cb7c9decc59') in 0.008132 seconds
Number of updated asset objects reloaded before import = 0
Number of asset objects unloaded after import = 3
========================================================================
Received Import Request.
  Time since last request: 0.000054 seconds.
  path: Assets/QuarterView 3D Action BE5/Models/Boss Rock.obj
  artifactKey: Guid(0d22a1c55ff42614eb30ef07a31f71ec) Importer(2089858483,0ecaa5967403d082aa24f35e1b516d23)
Start importing Assets/QuarterView 3D Action BE5/Models/Boss Rock.obj using Guid(0d22a1c55ff42614eb30ef07a31f71ec) Importer(2089858483,0ecaa5967403d082aa24f35e1b516d23) [PhysX] Initialized MultithreadedTaskDispatcher with 16 workers.
 -> (artifact id: '99d02755d758b40d3db897a907f5ec87') in 0.008036 seconds
Number of updated asset objects reloaded before import = 0
Number of asset objects unloaded after import = 10
========================================================================
Received Import Request.
  Time since last request: 0.000029 seconds.
  path: Assets/QuarterView 3D Action BE5/Sprites/Icon Enemy D.png
  artifactKey: Guid(7cfa1b153c7879f47a1220f94b9258ca) Importer(2089858483,0ecaa5967403d082aa24f35e1b516d23)
Start importing Assets/QuarterView 3D Action BE5/Sprites/Icon Enemy D.png using Guid(7cfa1b153c7879f47a1220f94b9258ca) Importer(2089858483,0ecaa5967403d082aa24f35e1b516d23) [PhysX] Initialized MultithreadedTaskDispatcher with 16 workers.
 -> (artifact id: '3d1380138d57843df3e4724a7d8dff54') in 0.007840 seconds
Number of updated asset objects reloaded before import = 0
Number of asset objects unloaded after import = 3
========================================================================
Received Import Request.
  Time since last request: 0.000037 seconds.
  path: Assets/QuarterView 3D Action BE5/Models/Item Grenade.obj
  artifactKey: Guid(16868d4a2ac5ce14591ac8b396599250) Importer(2089858483,0ecaa5967403d082aa24f35e1b516d23)
Start importing Assets/QuarterView 3D Action BE5/Models/Item Grenade.obj using Guid(16868d4a2ac5ce14591ac8b396599250) Importer(2089858483,0ecaa5967403d082aa24f35e1b516d23) [PhysX] Initialized MultithreadedTaskDispatcher with 16 workers.
 -> (artifact id: 'd8670a97fcd4d3428b45c686d321dc48') in 0.007880 seconds
Number of updated asset objects reloaded before import = 0
Number of asset objects unloaded after import = 10
========================================================================
Received Import Request.
  Time since last request: 0.000031 seconds.
  path: Assets/QuarterView 3D Action BE5/Models/Missile Boss.obj
  artifactKey: Guid(24081170c36b3b047a3f1bed303ff010) Importer(2089858483,0ecaa5967403d082aa24f35e1b516d23)
Start importing Assets/QuarterView 3D Action BE5/Models/Missile Boss.obj using Guid(24081170c36b3b047a3f1bed303ff010) Importer(2089858483,0ecaa5967403d082aa24f35e1b516d23) [PhysX] Initialized MultithreadedTaskDispatcher with 16 workers.
 -> (artifact id: 'aa3068cfe81efe25b4d8967a8c18f4e9') in 0.007875 seconds
Number of updated asset objects reloaded before import = 0
Number of asset objects unloaded after import = 10
========================================================================
Received Import Request.
  Time since last request: 0.000013 seconds.
  path: Assets/QuarterView 3D Action BE5/Sprites/Icon Num1.png
  artifactKey: Guid(202d667d5a7bcf24a842ff4c86dad758) Importer(2089858483,0ecaa5967403d082aa24f35e1b516d23)
Start importing Assets/QuarterView 3D Action BE5/Sprites/Icon Num1.png using Guid(202d667d5a7bcf24a842ff4c86dad758) Importer(2089858483,0ecaa5967403d082aa24f35e1b516d23) [PhysX] Initialized MultithreadedTaskDispatcher with 16 workers.
 -> (artifact id: '3f9c7ae20cd84d89a22ddcd5faf5dd6b') in 0.007378 seconds
Number of updated asset objects reloaded before import = 0
Number of asset objects unloaded after import = 3
========================================================================
Received Import Request.
  Time since last request: 0.000170 seconds.
  path: Assets/QuarterView 3D Action BE5/Sprites/Icon Attack.png
  artifactKey: Guid(d839aa1982367874bac74affe829c2e4) Importer(2089858483,0ecaa5967403d082aa24f35e1b516d23)
Start importing Assets/QuarterView 3D Action BE5/Sprites/Icon Attack.png using Guid(d839aa1982367874bac74affe829c2e4) Importer(2089858483,0ecaa5967403d082aa24f35e1b516d23) [PhysX] Initialized MultithreadedTaskDispatcher with 16 workers.
 -> (artifact id: '254abf2f6292e234c8b549b293ae69d9') in 0.007178 seconds
Number of updated asset objects reloaded before import = 0
Number of asset objects unloaded after import = 3
========================================================================
Received Import Request.
  Time since last request: 0.000035 seconds.
  path: Assets/QuarterView 3D Action BE5/Sprites/Icon Weapon HandGun.png
  artifactKey: Guid(3260f72e5b6eec24587b9132cb1ae0a0) Importer(2089858483,0ecaa5967403d082aa24f35e1b516d23)
Start importing Assets/QuarterView 3D Action BE5/Sprites/Icon Weapon HandGun.png using Guid(3260f72e5b6eec24587b9132cb1ae0a0) Importer(2089858483,0ecaa5967403d082aa24f35e1b516d23) [PhysX] Initialized MultithreadedTaskDispatcher with 16 workers.
 -> (artifact id: 'fa9fabb94d8ec2f86cebde68aa728f99') in 0.009007 seconds
Number of updated asset objects reloaded before import = 0
Number of asset objects unloaded after import = 3
========================================================================
Received Import Request.
  Time since last request: 0.000040 seconds.
  path: Assets/QuarterView 3D Action BE5/Prefabs/Item Ammo.prefab
  artifactKey: Guid(1adf4771a2a84ef4eaaadba340ae7c77) Importer(2089858483,0ecaa5967403d082aa24f35e1b516d23)
Start importing Assets/QuarterView 3D Action BE5/Prefabs/Item Ammo.prefab using Guid(1adf4771a2a84ef4eaaadba340ae7c77) Importer(2089858483,0ecaa5967403d082aa24f35e1b516d23) [PhysX] Initialized MultithreadedTaskDispatcher with 16 workers.
 -> (artifact id: 'd1a8b2d434d9e689ea8f2e0f39dfa7b3') in 0.001975 seconds
Number of updated asset objects reloaded before import = 0
Number of asset objects unloaded after import = 9
========================================================================
Received Import Request.
  Time since last request: 0.000012 seconds.
  path: Assets/QuarterView 3D Action BE5/Prefabs/Ludo.prefab
  artifactKey: Guid(cd8e3c00b0f28f0419943b46a579c6fc) Importer(2089858483,0ecaa5967403d082aa24f35e1b516d23)
Start importing Assets/QuarterView 3D Action BE5/Prefabs/Ludo.prefab using Guid(cd8e3c00b0f28f0419943b46a579c6fc) Importer(2089858483,0ecaa5967403d082aa24f35e1b516d23) [PhysX] Initialized MultithreadedTaskDispatcher with 16 workers.
 -> (artifact id: '025fd0ff69179a4a4c5eb61796f225ea') in 0.002450 seconds
Number of updated asset objects reloaded before import = 0
Number of asset objects unloaded after import = 68
========================================================================
Received Import Request.
  Time since last request: 0.000011 seconds.
  path: Assets/Scenes/SampleScene.unity
  artifactKey: Guid(9fc0d4010bbf28b4594072e72b8655ab) Importer(2089858483,0ecaa5967403d082aa24f35e1b516d23)
Start importing Assets/Scenes/SampleScene.unity using Guid(9fc0d4010bbf28b4594072e72b8655ab) Importer(2089858483,0ecaa5967403d082aa24f35e1b516d23) [PhysX] Initialized MultithreadedTaskDispatcher with 16 workers.
 -> (artifact id: '03cbab638b7ffde612937b8492e4c996') in 0.001446 seconds
Number of updated asset objects reloaded before import = 0
Number of asset objects unloaded after import = 1
========================================================================
Received Import Request.
  Time since last request: 0.000028 seconds.
  path: Assets/QuarterView 3D Action BE5/Sprites/Icon Heart Mini.png
  artifactKey: Guid(47fbbf7a9c438ed4ea370ca0e59905ff) Importer(2089858483,0ecaa5967403d082aa24f35e1b516d23)
Start importing Assets/QuarterView 3D Action BE5/Sprites/Icon Heart Mini.png using Guid(47fbbf7a9c438ed4ea370ca0e59905ff) Importer(2089858483,0ecaa5967403d082aa24f35e1b516d23) [PhysX] Initialized MultithreadedTaskDispatcher with 16 workers.
 -> (artifact id: '036bb6f0e30bcd4b910796d86917f66a') in 0.008686 seconds
Number of updated asset objects reloaded before import = 0
Number of asset objects unloaded after import = 3
========================================================================
Received Import Request.
  Time since last request: 0.000009 seconds.
  path: Assets/QuarterView 3D Action BE5/Prefabs/Coin Silver.prefab
  artifactKey: Guid(99cca47ba8d60394e8b16b13b4054a38) Importer(2089858483,0ecaa5967403d082aa24f35e1b516d23)
Start importing Assets/QuarterView 3D Action BE5/Prefabs/Coin Silver.prefab using Guid(99cca47ba8d60394e8b16b13b4054a38) Importer(2089858483,0ecaa5967403d082aa24f35e1b516d23) [PhysX] Initialized MultithreadedTaskDispatcher with 16 workers.
 -> (artifact id: '68c3835c5bf362c7b00633ff28acf994') in 0.002163 seconds
Number of updated asset objects reloaded before import = 0
Number of asset objects unloaded after import = 9
========================================================================
Received Import Request.
  Time since last request: 0.000015 seconds.
  path: Assets/QuarterView 3D Action BE5/Sprites/Icon Coin Mini.png
  artifactKey: Guid(771dc6d7f27969a4fb87ecdeab54ae71) Importer(2089858483,0ecaa5967403d082aa24f35e1b516d23)
Start importing Assets/QuarterView 3D Action BE5/Sprites/Icon Coin Mini.png using Guid(771dc6d7f27969a4fb87ecdeab54ae71) Importer(2089858483,0ecaa5967403d082aa24f35e1b516d23) [PhysX] Initialized MultithreadedTaskDispatcher with 16 workers.
 -> (artifact id: 'bc00f5860c359eda17e33b76aba5e08d') in 0.007545 seconds
Number of updated asset objects reloaded before import = 0
Number of asset objects unloaded after import = 3
========================================================================
Received Import Request.
  Time since last request: 0.000015 seconds.
  path: Assets/QuarterView 3D Action BE5/Sprites/Icon Enemy A.png
  artifactKey: Guid(1edd545fe3e8d0f458a679414f885c51) Importer(2089858483,0ecaa5967403d082aa24f35e1b516d23)
Start importing Assets/QuarterView 3D Action BE5/Sprites/Icon Enemy A.png using Guid(1edd545fe3e8d0f458a679414f885c51) Importer(2089858483,0ecaa5967403d082aa24f35e1b516d23) [PhysX] Initialized MultithreadedTaskDispatcher with 16 workers.
 -> (artifact id: '1109b590a12c0904b1ab78170abaee18') in 0.008056 seconds
Number of updated asset objects reloaded before import = 0
Number of asset objects unloaded after import = 3
========================================================================
Received Import Request.
  Time since last request: 0.000057 seconds.
  path: Assets/QuarterView 3D Action BE5/Models/Item Coin.obj
  artifactKey: Guid(21c163042a84aed4cbafda1dd699f30d) Importer(2089858483,0ecaa5967403d082aa24f35e1b516d23)
Start importing Assets/QuarterView 3D Action BE5/Models/Item Coin.obj using Guid(21c163042a84aed4cbafda1dd699f30d) Importer(2089858483,0ecaa5967403d082aa24f35e1b516d23) [PhysX] Initialized MultithreadedTaskDispatcher with 16 workers.
 -> (artifact id: '47313c4dc15ed77c1daf8a702111f36d') in 0.007732 seconds
Number of updated asset objects reloaded before import = 0
Number of asset objects unloaded after import = 10
========================================================================
Received Import Request.
  Time since last request: 0.000011 seconds.
  path: Assets/QuarterView 3D Action BE5/Models/Missile.obj
  artifactKey: Guid(3f4b6ef2f16ee844997e218b60394c68) Importer(2089858483,0ecaa5967403d082aa24f35e1b516d23)
Start importing Assets/QuarterView 3D Action BE5/Models/Missile.obj using Guid(3f4b6ef2f16ee844997e218b60394c68) Importer(2089858483,0ecaa5967403d082aa24f35e1b516d23) [PhysX] Initialized MultithreadedTaskDispatcher with 16 workers.
 -> (artifact id: '616821a021dae10b33ecaf9aad67a8fc') in 0.007074 seconds
Number of updated asset objects reloaded before import = 0
Number of asset objects unloaded after import = 10
========================================================================
Received Import Request.
  Time since last request: 0.000037 seconds.
  path: Assets/QuarterView 3D Action BE5/Sprites/Icon Num2.png
  artifactKey: Guid(5c882d95cfe4e2f43b8c0a1cdea6e0a5) Importer(2089858483,0ecaa5967403d082aa24f35e1b516d23)
Start importing Assets/QuarterView 3D Action BE5/Sprites/Icon Num2.png using Guid(5c882d95cfe4e2f43b8c0a1cdea6e0a5) Importer(2089858483,0ecaa5967403d082aa24f35e1b516d23) [PhysX] Initialized MultithreadedTaskDispatcher with 16 workers.
 -> (artifact id: 'd26590394eca33c619459b005e7fb016') in 0.007395 seconds
Number of updated asset objects reloaded before import = 0
Number of asset objects unloaded after import = 3
========================================================================
Received Import Request.
  Time since last request: 0.000073 seconds.
  path: Assets/QuarterView 3D Action BE5/Sprites/Icon Num4.png
  artifactKey: Guid(3fa2ed196fd9aaf43a8f4ece48a41f44) Importer(2089858483,0ecaa5967403d082aa24f35e1b516d23)
Start importing Assets/QuarterView 3D Action BE5/Sprites/Icon Num4.png using Guid(3fa2ed196fd9aaf43a8f4ece48a41f44) Importer(2089858483,0ecaa5967403d082aa24f35e1b516d23) [PhysX] Initialized MultithreadedTaskDispatcher with 16 workers.
 -> (artifact id: '5f8c4af578cb3f97e4db1495c93a64a5') in 0.008459 seconds
Number of updated asset objects reloaded before import = 0
Number of asset objects unloaded after import = 3
========================================================================
Received Import Request.
  Time since last request: 0.000009 seconds.
  path: Assets/QuarterView 3D Action BE5/Models/Item Heart.obj
  artifactKey: Guid(f2e3ebad01f2bd743994f155d90d178c) Importer(2089858483,0ecaa5967403d082aa24f35e1b516d23)
Start importing Assets/QuarterView 3D Action BE5/Models/Item Heart.obj using Guid(f2e3ebad01f2bd743994f155d90d178c) Importer(2089858483,0ecaa5967403d082aa24f35e1b516d23) [PhysX] Initialized MultithreadedTaskDispatcher with 16 workers.
 -> (artifact id: '259e048aff4d3fa37b32ff98200cd359') in 0.007025 seconds
Number of updated asset objects reloaded before import = 0
Number of asset objects unloaded after import = 10
========================================================================
Received Import Request.
  Time since last request: 0.000072 seconds.
  path: Assets/QuarterView 3D Action BE5/Sprites/Icon Time Mini.png
  artifactKey: Guid(e95dee2852d9b334b89f8fe9bd113319) Importer(2089858483,0ecaa5967403d082aa24f35e1b516d23)
Start importing Assets/QuarterView 3D Action BE5/Sprites/Icon Time Mini.png using Guid(e95dee2852d9b334b89f8fe9bd113319) Importer(2089858483,0ecaa5967403d082aa24f35e1b516d23) [PhysX] Initialized MultithreadedTaskDispatcher with 16 workers.
 -> (artifact id: 'df9364c26e4bb6c685d726f188fbfe59') in 0.007590 seconds
Number of updated asset objects reloaded before import = 0
Number of asset objects unloaded after import = 3
========================================================================
Received Import Request.
  Time since last request: 0.000035 seconds.
  path: Assets/Scripts/player.cs
  artifactKey: Guid(80f7eb0241be56376808a5c44eeac2d5) Importer(2089858483,0ecaa5967403d082aa24f35e1b516d23)
Start importing Assets/Scripts/player.cs using Guid(80f7eb0241be56376808a5c44eeac2d5) Importer(2089858483,0ecaa5967403d082aa24f35e1b516d23) [PhysX] Initialized MultithreadedTaskDispatcher with 16 workers.
 -> (artifact id: 'da39316893b2815a279b85cb81eccc86') in 0.001946 seconds
Number of updated asset objects reloaded before import = 0
Number of asset objects unloaded after import = 1
========================================================================
Received Import Request.
  Time since last request: 0.000125 seconds.
  path: Assets/QuarterView 3D Action BE5/Models/Simple Enemy A AnimTest.fbx
  artifactKey: Guid(98a47f1cd28823f4b8ab7f52d3d506fb) Importer(2089858483,0ecaa5967403d082aa24f35e1b516d23)
Start importing Assets/QuarterView 3D Action BE5/Models/Simple Enemy A AnimTest.fbx using Guid(98a47f1cd28823f4b8ab7f52d3d506fb) Importer(2089858483,0ecaa5967403d082aa24f35e1b516d23) [PhysX] Initialized MultithreadedTaskDispatcher with 16 workers.
 -> (artifact id: '4235b0bd19114c5ea7ec0d811be01441') in 0.016286 seconds
Number of updated asset objects reloaded before import = 0
Number of asset objects unloaded after import = 40
========================================================================
Received Import Request.
  Time since last request: 0.000011 seconds.
  path: Assets/QuarterView 3D Action BE5/Models/BulletCase.obj
  artifactKey: Guid(a29a27ab3d71520419675144b66e697d) Importer(2089858483,0ecaa5967403d082aa24f35e1b516d23)
Start importing Assets/QuarterView 3D Action BE5/Models/BulletCase.obj using Guid(a29a27ab3d71520419675144b66e697d) Importer(2089858483,0ecaa5967403d082aa24f35e1b516d23) [PhysX] Initialized MultithreadedTaskDispatcher with 16 workers.
 -> (artifact id: '9849bee1df7ed9f98fb6a008a54ab78a') in 0.008011 seconds
Number of updated asset objects reloaded before import = 0
Number of asset objects unloaded after import = 10
========================================================================
Received Import Request.
  Time since last request: 0.000045 seconds.
  path: Assets/QuarterView 3D Action BE5/Prefabs/Coin Bronze.prefab
  artifactKey: Guid(eff93d3a6c14e3648a925ff48d25d216) Importer(2089858483,0ecaa5967403d082aa24f35e1b516d23)
Start importing Assets/QuarterView 3D Action BE5/Prefabs/Coin Bronze.prefab using Guid(eff93d3a6c14e3648a925ff48d25d216) Importer(2089858483,0ecaa5967403d082aa24f35e1b516d23) [PhysX] Initialized MultithreadedTaskDispatcher with 16 workers.
 -> (artifact id: 'b42c5256c163b5646d273fd3a4eb1a56') in 0.002537 seconds
Number of updated asset objects reloaded before import = 0
Number of asset objects unloaded after import = 9
========================================================================
Received Import Request.
  Time since last request: 0.000009 seconds.
  path: Assets/QuarterView 3D Action BE5/Prefabs/Coin Gold.prefab
  artifactKey: Guid(5f990ffaa293ab14ebc81ec38b817d0b) Importer(2089858483,0ecaa5967403d082aa24f35e1b516d23)
Start importing Assets/QuarterView 3D Action BE5/Prefabs/Coin Gold.prefab using Guid(5f990ffaa293ab14ebc81ec38b817d0b) Importer(2089858483,0ecaa5967403d082aa24f35e1b516d23) [PhysX] Initialized MultithreadedTaskDispatcher with 16 workers.
 -> (artifact id: '22627a48afe11da3806d5a1307cae141') in 0.001863 seconds
Number of updated asset objects reloaded before import = 0
Number of asset objects unloaded after import = 9
========================================================================
Received Import Request.
  Time since last request: 0.000010 seconds.
  path: Assets/QuarterView 3D Action BE5/Sprites/Icon Boss.png
  artifactKey: Guid(08df90f463ef0d34dbb1c49eef665daf) Importer(2089858483,0ecaa5967403d082aa24f35e1b516d23)
Start importing Assets/QuarterView 3D Action BE5/Sprites/Icon Boss.png using Guid(08df90f463ef0d34dbb1c49eef665daf) Importer(2089858483,0ecaa5967403d082aa24f35e1b516d23) [PhysX] Initialized MultithreadedTaskDispatcher with 16 workers.
 -> (artifact id: 'fdb7b76d34f53f1f9ec537f3ce40f9b8') in 0.007583 seconds
Number of updated asset objects reloaded before import = 0
Number of asset objects unloaded after import = 3
========================================================================
Received Import Request.
  Time since last request: 0.000010 seconds.
  path: Assets/QuarterView 3D Action BE5/Models/Item Ammo.obj
  artifactKey: Guid(7bc41bfe0ef22904b860c9c9b16d5d38) Importer(2089858483,0ecaa5967403d082aa24f35e1b516d23)
Start importing Assets/QuarterView 3D Action BE5/Models/Item Ammo.obj using Guid(7bc41bfe0ef22904b860c9c9b16d5d38) Importer(2089858483,0ecaa5967403d082aa24f35e1b516d23) [PhysX] Initialized MultithreadedTaskDispatcher with 16 workers.
 -> (artifact id: '5c3d0e1cb483bcf85ff169fb85aa0953') in 0.009127 seconds
Number of updated asset objects reloaded before import = 0
Number of asset objects unloaded after import = 10
========================================================================
Received Import Request.
  Time since last request: 0.000012 seconds.
  path: Assets/QuarterView 3D Action BE5/Prefabs/Missile.prefab
  artifactKey: Guid(45fafb1d61153494cb85310f993aa5ca) Importer(2089858483,0ecaa5967403d082aa24f35e1b516d23)
Start importing Assets/QuarterView 3D Action BE5/Prefabs/Missile.prefab using Guid(45fafb1d61153494cb85310f993aa5ca) Importer(2089858483,0ecaa5967403d082aa24f35e1b516d23) [PhysX] Initialized MultithreadedTaskDispatcher with 16 workers.
 -> (artifact id: 'e8b323552308adc38b5621ce5b9ae772') in 0.001926 seconds
Number of updated asset objects reloaded before import = 0
Number of asset objects unloaded after import = 9
========================================================================
Received Import Request.
  Time since last request: 0.000010 seconds.
  path: Assets/QuarterView 3D Action BE5/Prefabs/Enemy A.prefab
  artifactKey: Guid(464cc7c4f7ea10b47a36d7848aa9ca9a) Importer(2089858483,0ecaa5967403d082aa24f35e1b516d23)
Start importing Assets/QuarterView 3D Action BE5/Prefabs/Enemy A.prefab using Guid(464cc7c4f7ea10b47a36d7848aa9ca9a) Importer(2089858483,0ecaa5967403d082aa24f35e1b516d23) [PhysX] Initialized MultithreadedTaskDispatcher with 16 workers.
 -> (artifact id: 'a5bffc6636784e7ae6121c860ecd238e') in 0.001999 seconds
Number of updated asset objects reloaded before import = 0
Number of asset objects unloaded after import = 37
========================================================================
Received Import Request.
  Time since last request: 0.000034 seconds.
  path: Assets/QuarterView 3D Action BE5/Sprites/Panel B.png
  artifactKey: Guid(9dbac7399ba13ae4caa7872cd0ddf9c6) Importer(2089858483,0ecaa5967403d082aa24f35e1b516d23)
Start importing Assets/QuarterView 3D Action BE5/Sprites/Panel B.png using Guid(9dbac7399ba13ae4caa7872cd0ddf9c6) Importer(2089858483,0ecaa5967403d082aa24f35e1b516d23) [PhysX] Initialized MultithreadedTaskDispatcher with 16 workers.
 -> (artifact id: 'f577538ecbf016bb544dfb3c38ceeafc') in 0.007917 seconds
Number of updated asset objects reloaded before import = 0
Number of asset objects unloaded after import = 3
========================================================================
Received Import Request.
  Time since last request: 0.000047 seconds.
  path: Assets/QuarterView 3D Action BE5/Sprites/Icon Enemy B.png
  artifactKey: Guid(364eccac494de714d84a43b20fc715d2) Importer(2089858483,0ecaa5967403d082aa24f35e1b516d23)
Start importing Assets/QuarterView 3D Action BE5/Sprites/Icon Enemy B.png using Guid(364eccac494de714d84a43b20fc715d2) Importer(2089858483,0ecaa5967403d082aa24f35e1b516d23) [PhysX] Initialized MultithreadedTaskDispatcher with 16 workers.
 -> (artifact id: 'a017d61d5029f14359040513c5ea889b') in 0.009405 seconds
Number of updated asset objects reloaded before import = 0
Number of asset objects unloaded after import = 3
========================================================================
Received Import Request.
  Time since last request: 0.000011 seconds.
  path: Assets/QuarterView 3D Action BE5/Materials/Weapon Hammer.mat
  artifactKey: Guid(0a00c064c0cc0844bbc3aea5c0fb0074) Importer(2089858483,0ecaa5967403d082aa24f35e1b516d23)
Start importing Assets/QuarterView 3D Action BE5/Materials/Weapon Hammer.mat using Guid(0a00c064c0cc0844bbc3aea5c0fb0074) Importer(2089858483,0ecaa5967403d082aa24f35e1b516d23) [PhysX] Initialized MultithreadedTaskDispatcher with 16 workers.
 -> (artifact id: 'fe5eda7f22f49d35b27ce019625ee5d8') in 0.003855 seconds
Number of updated asset objects reloaded before import = 0
Number of asset objects unloaded after import = 2
========================================================================
Received Import Request.
  Time since last request: 0.000012 seconds.
  path: Assets/QuarterView 3D Action BE5/Prefabs/Player.prefab
  artifactKey: Guid(8f5e135a19626f544908fc8f156144b9) Importer(2089858483,0ecaa5967403d082aa24f35e1b516d23)
Start importing Assets/QuarterView 3D Action BE5/Prefabs/Player.prefab using Guid(8f5e135a19626f544908fc8f156144b9) Importer(2089858483,0ecaa5967403d082aa24f35e1b516d23) [PhysX] Initialized MultithreadedTaskDispatcher with 16 workers.
 -> (artifact id: 'cc67dd70d69d1914fba2f494aa9e47f5') in 0.002942 seconds
Number of updated asset objects reloaded before import = 0
Number of asset objects unloaded after import = 68
========================================================================
Received Import Request.
  Time since last request: 0.000010 seconds.
  path: Assets/QuarterView 3D Action BE5/Prefabs/Weapon SubMachineGun.prefab
  artifactKey: Guid(203326381d9b54d489646c6c2f61f53a) Importer(2089858483,0ecaa5967403d082aa24f35e1b516d23)
Start importing Assets/QuarterView 3D Action BE5/Prefabs/Weapon SubMachineGun.prefab using Guid(203326381d9b54d489646c6c2f61f53a) Importer(2089858483,0ecaa5967403d082aa24f35e1b516d23) [PhysX] Initialized MultithreadedTaskDispatcher with 16 workers.
 -> (artifact id: '4ddec003ed9a53c62aa33be4e91845d5') in 0.002236 seconds
Number of updated asset objects reloaded before import = 0
Number of asset objects unloaded after import = 9
========================================================================
Received Import Request.
  Time since last request: 0.000011 seconds.
  path: Assets/QuarterView 3D Action BE5/Prefabs/Luna.prefab
  artifactKey: Guid(6f5cb1003ab50aa4b9bc26bc9ca47159) Importer(2089858483,0ecaa5967403d082aa24f35e1b516d23)
Start importing Assets/QuarterView 3D Action BE5/Prefabs/Luna.prefab using Guid(6f5cb1003ab50aa4b9bc26bc9ca47159) Importer(2089858483,0ecaa5967403d082aa24f35e1b516d23) [PhysX] Initialized MultithreadedTaskDispatcher with 16 workers.
 -> (artifact id: 'ab6e9dc6a669b9eccf319f76a24ac339') in 0.002336 seconds
Number of updated asset objects reloaded before import = 0
Number of asset objects unloaded after import = 68
========================================================================
Received Import Request.
  Time since last request: 0.000011 seconds.
  path: Assets/QuarterView 3D Action BE5/Sprites/Icon Close.png
  artifactKey: Guid(1baaa93f3ec48804397f21b2614604d4) Importer(2089858483,0ecaa5967403d082aa24f35e1b516d23)
Start importing Assets/QuarterView 3D Action BE5/Sprites/Icon Close.png using Guid(1baaa93f3ec48804397f21b2614604d4) Importer(2089858483,0ecaa5967403d082aa24f35e1b516d23) [PhysX] Initialized MultithreadedTaskDispatcher with 16 workers.
 -> (artifact id: 'ab4b60797bec0e80df54d9a732101028') in 0.008942 seconds
Number of updated asset objects reloaded before import = 0
Number of asset objects unloaded after import = 3
========================================================================
Received Import Request.
  Time since last request: 0.000012 seconds.
  path: Assets/QuarterView 3D Action BE5/Sprites/Icon Weapon Hammer.png
  artifactKey: Guid(1c436558df0caa04eb65bf6f8d065918) Importer(2089858483,0ecaa5967403d082aa24f35e1b516d23)
Start importing Assets/QuarterView 3D Action BE5/Sprites/Icon Weapon Hammer.png using Guid(1c436558df0caa04eb65bf6f8d065918) Importer(2089858483,0ecaa5967403d082aa24f35e1b516d23) [PhysX] Initialized MultithreadedTaskDispatcher with 16 workers.
 -> (artifact id: '89de50f54c5ff147da79cc3ba825ceff') in 0.009794 seconds
Number of updated asset objects reloaded before import = 0
Number of asset objects unloaded after import = 3
========================================================================
Received Import Request.
  Time since last request: 0.000061 seconds.
  path: Assets/QuarterView 3D Action BE5/Sprites/Icon NumR.png
  artifactKey: Guid(42333eca44e9f5c4f945a0f2f5d4f9f0) Importer(2089858483,0ecaa5967403d082aa24f35e1b516d23)
Start importing Assets/QuarterView 3D Action BE5/Sprites/Icon NumR.png using Guid(42333eca44e9f5c4f945a0f2f5d4f9f0) Importer(2089858483,0ecaa5967403d082aa24f35e1b516d23) [PhysX] Initialized MultithreadedTaskDispatcher with 16 workers.
 -> (artifact id: '42a6316c33b2c8c898108714b52b7a08') in 0.008473 seconds
Number of updated asset objects reloaded before import = 0
Number of asset objects unloaded after import = 3
========================================================================
Received Import Request.
  Time since last request: 0.000012 seconds.
  path: Assets/QuarterView 3D Action BE5/Prefabs/Missile Boss.prefab
  artifactKey: Guid(50e7f7cd6a4e20544803ae9978a43ec5) Importer(2089858483,0ecaa5967403d082aa24f35e1b516d23)
Start importing Assets/QuarterView 3D Action BE5/Prefabs/Missile Boss.prefab using Guid(50e7f7cd6a4e20544803ae9978a43ec5) Importer(2089858483,0ecaa5967403d082aa24f35e1b516d23) [PhysX] Initialized MultithreadedTaskDispatcher with 16 workers.
 -> (artifact id: '07cb10efe4884b2d21d62c983a46a3a4') in 0.007083 seconds
Number of updated asset objects reloaded before import = 0
Number of asset objects unloaded after import = 9
========================================================================
Received Import Request.
  Time since last request: 0.000012 seconds.
  path: Assets/QuarterView 3D Action BE5/Materials/BulletCase.mat
  artifactKey: Guid(7b09f65079094eb44b167491c6c28a3f) Importer(2089858483,0ecaa5967403d082aa24f35e1b516d23)
Start importing Assets/QuarterView 3D Action BE5/Materials/BulletCase.mat using Guid(7b09f65079094eb44b167491c6c28a3f) Importer(2089858483,0ecaa5967403d082aa24f35e1b516d23) [PhysX] Initialized MultithreadedTaskDispatcher with 16 workers.
 -> (artifact id: '18f09550b14459853a398b02e8652930') in 0.003365 seconds
Number of updated asset objects reloaded before import = 0
Number of asset objects unloaded after import = 2
========================================================================
Received Import Request.
  Time since last request: 0.000012 seconds.
  path: Assets/QuarterView 3D Action BE5/Models/Simple Enemy D.fbx
  artifactKey: Guid(a43df65176acc724e8d74ed0d0e8986a) Importer(2089858483,0ecaa5967403d082aa24f35e1b516d23)
Start importing Assets/QuarterView 3D Action BE5/Models/Simple Enemy D.fbx using Guid(a43df65176acc724e8d74ed0d0e8986a) Importer(2089858483,0ecaa5967403d082aa24f35e1b516d23) [PhysX] Initialized MultithreadedTaskDispatcher with 16 workers.
 -> (artifact id: '2341910603fca16afe7cedc74d0e4631') in 0.029326 seconds
Number of updated asset objects reloaded before import = 0
Number of asset objects unloaded after import = 50
========================================================================
Received Import Request.
  Time since last request: 0.004649 seconds.
  path: Assets/QuarterView 3D Action BE5/Textures/Boss Rock.png
  artifactKey: Guid(86384051d3792ce47a8dffdbd4f6361e) Importer(2089858483,0ecaa5967403d082aa24f35e1b516d23)
Start importing Assets/QuarterView 3D Action BE5/Textures/Boss Rock.png using Guid(86384051d3792ce47a8dffdbd4f6361e) Importer(2089858483,0ecaa5967403d082aa24f35e1b516d23) [PhysX] Initialized MultithreadedTaskDispatcher with 16 workers.
 -> (artifact id: '1fe712d63d998cf0e2109680c9e1258b') in 0.007315 seconds
Number of updated asset objects reloaded before import = 0
Number of asset objects unloaded after import = 1
========================================================================
Received Import Request.
  Time since last request: 0.000012 seconds.
  path: Assets/QuarterView 3D Action BE5/Textures/Weapon HandGun.png
  artifactKey: Guid(cf39d8981b4e7954190666615eb23444) Importer(2089858483,0ecaa5967403d082aa24f35e1b516d23)
Start importing Assets/QuarterView 3D Action BE5/Textures/Weapon HandGun.png using Guid(cf39d8981b4e7954190666615eb23444) Importer(2089858483,0ecaa5967403d082aa24f35e1b516d23) [PhysX] Initialized MultithreadedTaskDispatcher with 16 workers.
 -> (artifact id: '34f3da271df35510d3882d01eee8e9be') in 0.007444 seconds
Number of updated asset objects reloaded before import = 0
Number of asset objects unloaded after import = 1
========================================================================
Received Import Request.
  Time since last request: 0.000075 seconds.
  path: Assets/QuarterView 3D Action BE5/Textures/Player.png
  artifactKey: Guid(944377592ab6e2a41ace5352861ff84c) Importer(2089858483,0ecaa5967403d082aa24f35e1b516d23)
Start importing Assets/QuarterView 3D Action BE5/Textures/Player.png using Guid(944377592ab6e2a41ace5352861ff84c) Importer(2089858483,0ecaa5967403d082aa24f35e1b516d23) [PhysX] Initialized MultithreadedTaskDispatcher with 16 workers.
 -> (artifact id: '51c353ac183d73917da64df9d641a4fb') in 0.007773 seconds
Number of updated asset objects reloaded before import = 0
Number of asset objects unloaded after import = 1
========================================================================
Received Import Request.
  Time since last request: 0.000016 seconds.
  path: Assets/QuarterView 3D Action BE5/Textures/Enemy B.png
  artifactKey: Guid(5fc6913241246d54b98db1b106e19ee1) Importer(2089858483,0ecaa5967403d082aa24f35e1b516d23)
Start importing Assets/QuarterView 3D Action BE5/Textures/Enemy B.png using Guid(5fc6913241246d54b98db1b106e19ee1) Importer(2089858483,0ecaa5967403d082aa24f35e1b516d23) [PhysX] Initialized MultithreadedTaskDispatcher with 16 workers.
 -> (artifact id: '24caca662c03c844ca9da126e045c3cd') in 0.006910 seconds
Number of updated asset objects reloaded before import = 0
Number of asset objects unloaded after import = 1
========================================================================
Received Import Request.
  Time since last request: 0.000057 seconds.
  path: Assets/QuarterView 3D Action BE5/Textures/Wapon Hammer.png
  artifactKey: Guid(051f2ad9bc946e04fa39d743ab1b38e8) Importer(2089858483,0ecaa5967403d082aa24f35e1b516d23)
Start importing Assets/QuarterView 3D Action BE5/Textures/Wapon Hammer.png using Guid(051f2ad9bc946e04fa39d743ab1b38e8) Importer(2089858483,0ecaa5967403d082aa24f35e1b516d23) [PhysX] Initialized MultithreadedTaskDispatcher with 16 workers.
 -> (artifact id: 'e6681154c8a8e00aae8296d64e3b25fc') in 0.007129 seconds
Number of updated asset objects reloaded before import = 0
Number of asset objects unloaded after import = 1
========================================================================
Received Import Request.
  Time since last request: 0.000086 seconds.
  path: Assets/QuarterView 3D Action BE5/Textures/_Pattern.png
  artifactKey: Guid(dd3fb6baae3a2b14f9a23ec6ed2db723) Importer(2089858483,0ecaa5967403d082aa24f35e1b516d23)
Start importing Assets/QuarterView 3D Action BE5/Textures/_Pattern.png using Guid(dd3fb6baae3a2b14f9a23ec6ed2db723) Importer(2089858483,0ecaa5967403d082aa24f35e1b516d23) [PhysX] Initialized MultithreadedTaskDispatcher with 16 workers.
 -> (artifact id: '0fe3add6bc86b86057b9c25dae7b9f28') in 0.007043 seconds
Number of updated asset objects reloaded before import = 0
Number of asset objects unloaded after import = 1
========================================================================
Received Import Request.
  Time since last request: 0.000085 seconds.
  path: Assets/QuarterView 3D Action BE5/Textures/Enemy A.png
  artifactKey: Guid(9a6a65bceac8a8c4195a90a84a4e6459) Importer(2089858483,0ecaa5967403d082aa24f35e1b516d23)
Start importing Assets/QuarterView 3D Action BE5/Textures/Enemy A.png using Guid(9a6a65bceac8a8c4195a90a84a4e6459) Importer(2089858483,0ecaa5967403d082aa24f35e1b516d23) [PhysX] Initialized MultithreadedTaskDispatcher with 16 workers.
 -> (artifact id: '524aaea9a953f996a7cc51a825fa267d') in 0.007175 seconds
Number of updated asset objects reloaded before import = 0
Number of asset objects unloaded after import = 1
========================================================================
Received Import Request.
  Time since last request: 0.000093 seconds.
  path: Assets/QuarterView 3D Action BE5/Demo/Demo/Ac EnemyD.overrideController
  artifactKey: Guid(20b0472eebcfd7143845b13e3bececf3) Importer(2089858483,0ecaa5967403d082aa24f35e1b516d23)
Start importing Assets/QuarterView 3D Action BE5/Demo/Demo/Ac EnemyD.overrideController using Guid(20b0472eebcfd7143845b13e3bececf3) Importer(2089858483,0ecaa5967403d082aa24f35e1b516d23) [PhysX] Initialized MultithreadedTaskDispatcher with 16 workers.
 -> (artifact id: 'ed55716651427d25e703dec477b6f919') in 0.003128 seconds
Number of updated asset objects reloaded before import = 0
Number of asset objects unloaded after import = 6
========================================================================
Received Import Request.
  Time since last request: 0.000010 seconds.
  path: Assets/QuarterView 3D Action BE5/Textures/Enemy C.png
  artifactKey: Guid(efb1c84380e704f44aaf0a19777c0663) Importer(2089858483,0ecaa5967403d082aa24f35e1b516d23)
Start importing Assets/QuarterView 3D Action BE5/Textures/Enemy C.png using Guid(efb1c84380e704f44aaf0a19777c0663) Importer(2089858483,0ecaa5967403d082aa24f35e1b516d23) [PhysX] Initialized MultithreadedTaskDispatcher with 16 workers.
 -> (artifact id: 'f15e7be0a91e723c60f5f5346c3ac918') in 0.007916 seconds
Number of updated asset objects reloaded before import = 0
Number of asset objects unloaded after import = 1
========================================================================
Received Import Request.
  Time since last request: 0.000013 seconds.
  path: Assets/QuarterView 3D Action BE5/Textures/Item Ammo.png
  artifactKey: Guid(dc283ec4cd5b5844e8ed606f84a004dc) Importer(2089858483,0ecaa5967403d082aa24f35e1b516d23)
Start importing Assets/QuarterView 3D Action BE5/Textures/Item Ammo.png using Guid(dc283ec4cd5b5844e8ed606f84a004dc) Importer(2089858483,0ecaa5967403d082aa24f35e1b516d23) [PhysX] Initialized MultithreadedTaskDispatcher with 16 workers.
 -> (artifact id: '200c300262616e56bfb152777590d9f4') in 0.006592 seconds
Number of updated asset objects reloaded before import = 0
Number of asset objects unloaded after import = 1
========================================================================
Received Import Request.
  Time since last request: 0.000050 seconds.
  path: Assets/QuarterView 3D Action BE5/Textures/Enemy D.png
  artifactKey: Guid(796c54f343685b142a9adde64cf8696e) Importer(2089858483,0ecaa5967403d082aa24f35e1b516d23)
Start importing Assets/QuarterView 3D Action BE5/Textures/Enemy D.png using Guid(796c54f343685b142a9adde64cf8696e) Importer(2089858483,0ecaa5967403d082aa24f35e1b516d23) [PhysX] Initialized MultithreadedTaskDispatcher with 16 workers.
 -> (artifact id: 'd1e50ddc013f91462994f14aa37a367e') in 0.006477 seconds
Number of updated asset objects reloaded before import = 0
Number of asset objects unloaded after import = 1
========================================================================
Received Import Request.
  Time since last request: 0.000069 seconds.
  path: Assets/QuarterView 3D Action BE5/ReadMe/Scripts/Editor/ReadmeEditorBE5.cs
  artifactKey: Guid(edd620b2f6703734fba22d55dc31ef25) Importer(2089858483,0ecaa5967403d082aa24f35e1b516d23)
Start importing Assets/QuarterView 3D Action BE5/ReadMe/Scripts/Editor/ReadmeEditorBE5.cs using Guid(edd620b2f6703734fba22d55dc31ef25) Importer(2089858483,0ecaa5967403d082aa24f35e1b516d23) [PhysX] Initialized MultithreadedTaskDispatcher with 16 workers.
 -> (artifact id: '6b91c33ad691d9797725d9e82c265a26') in 0.002604 seconds
Number of updated asset objects reloaded before import = 0
Number of asset objects unloaded after import = 1
========================================================================
Received Import Request.
  Time since last request: 0.000063 seconds.
  path: Assets/QuarterView 3D Action BE5/Textures/Bullet Case.png
  artifactKey: Guid(0cc401fda21a95849bb017f17d80bda4) Importer(2089858483,0ecaa5967403d082aa24f35e1b516d23)
Start importing Assets/QuarterView 3D Action BE5/Textures/Bullet Case.png using Guid(0cc401fda21a95849bb017f17d80bda4) Importer(2089858483,0ecaa5967403d082aa24f35e1b516d23) [PhysX] Initialized MultithreadedTaskDispatcher with 16 workers.
 -> (artifact id: 'c002a5b07a2dde923e6cc5fdab469478') in 0.006298 seconds
Number of updated asset objects reloaded before import = 0
Number of asset objects unloaded after import = 1
========================================================================
Received Import Request.
  Time since last request: 0.000008 seconds.
  path: Assets/QuarterView 3D Action BE5/Textures/Coin Silver.png
  artifactKey: Guid(4d326d723433e364a84a0db839113fe3) Importer(2089858483,0ecaa5967403d082aa24f35e1b516d23)
Start importing Assets/QuarterView 3D Action BE5/Textures/Coin Silver.png using Guid(4d326d723433e364a84a0db839113fe3) Importer(2089858483,0ecaa5967403d082aa24f35e1b516d23) [PhysX] Initialized MultithreadedTaskDispatcher with 16 workers.
 -> (artifact id: '8e600745c7493a066b12842eb6074730') in 0.006337 seconds
Number of updated asset objects reloaded before import = 0
Number of asset objects unloaded after import = 1
========================================================================
Received Import Request.
  Time since last request: 0.000047 seconds.
  path: Assets/QuarterView 3D Action BE5/ReadMe/Scripts/ReadmeBE5.cs
  artifactKey: Guid(90aeab3e5f29bee4c859e1bbcbcae785) Importer(2089858483,0ecaa5967403d082aa24f35e1b516d23)
Start importing Assets/QuarterView 3D Action BE5/ReadMe/Scripts/ReadmeBE5.cs using Guid(90aeab3e5f29bee4c859e1bbcbcae785) Importer(2089858483,0ecaa5967403d082aa24f35e1b516d23) [PhysX] Initialized MultithreadedTaskDispatcher with 16 workers.
 -> (artifact id: '3e4453819e04c1ef12afe0453d4eecf0') in 0.001584 seconds
Number of updated asset objects reloaded before import = 0
Number of asset objects unloaded after import = 1
========================================================================
Received Import Request.
  Time since last request: 0.000019 seconds.
  path: Assets/QuarterView 3D Action BE5/Demo/Demo/LightingData.asset
  artifactKey: Guid(05df42316d133af4f9bd01f1ff94d84f) Importer(2089858483,0ecaa5967403d082aa24f35e1b516d23)
Start importing Assets/QuarterView 3D Action BE5/Demo/Demo/LightingData.asset using Guid(05df42316d133af4f9bd01f1ff94d84f) Importer(2089858483,0ecaa5967403d082aa24f35e1b516d23) [PhysX] Initialized MultithreadedTaskDispatcher with 16 workers.
 -> (artifact id: 'f2ed06c5744efe21d3e2015ebad67c58') in 0.002495 seconds
Number of updated asset objects reloaded before import = 0
Number of asset objects unloaded after import = 2
Editor requested this worker to shutdown with reason: Scaling down because of idle timeout
TcpMessagingSession - receive error: operation aborted. errorcode: 125, details: Operation aborted.
AssetImportWorker is now disconnected from the server
Process exiting
